{"/home/charles/Documents/UBC/2020W1/CPEN 321/MyBubble/backend/app.js": {"path":"/home/charles/Documents/UBC/2020W1/CPEN 321/MyBubble/backend/app.js","statementMap":{"0":{"start":{"line":1,"column":16},"end":{"line":1,"column":34}},"1":{"start":{"line":2,"column":18},"end":{"line":2,"column":38}},"2":{"start":{"line":3,"column":26},"end":{"line":3,"column":62}},"3":{"start":{"line":4,"column":26},"end":{"line":4,"column":54}},"4":{"start":{"line":6,"column":12},"end":{"line":6,"column":21}},"5":{"start":{"line":8,"column":0},"end":{"line":8,"column":45}},"6":{"start":{"line":9,"column":0},"end":{"line":9,"column":24}},"7":{"start":{"line":11,"column":0},"end":{"line":11,"column":28}},"8":{"start":{"line":12,"column":0},"end":{"line":12,"column":43}},"9":{"start":{"line":13,"column":0},"end":{"line":13,"column":44}},"10":{"start":{"line":15,"column":0},"end":{"line":15,"column":23}}},"fnMap":{},"branchMap":{},"s":{"0":1,"1":1,"2":1,"3":1,"4":1,"5":1,"6":1,"7":1,"8":1,"9":1,"10":1},"f":{},"b":{},"_coverageSchema":"1a1c01bbd47fc00a2c39e90264f33305004495a9","hash":"2c7f668f1a849669a0523084d084be21f5e5a4fc"}
,"/home/charles/Documents/UBC/2020W1/CPEN 321/MyBubble/backend/const.js": {"path":"/home/charles/Documents/UBC/2020W1/CPEN 321/MyBubble/backend/const.js","statementMap":{"0":{"start":{"line":1,"column":12},"end":{"line":1,"column":54}},"1":{"start":{"line":3,"column":0},"end":{"line":3,"column":25}}},"fnMap":{},"branchMap":{},"s":{"0":1,"1":1},"f":{},"b":{},"_coverageSchema":"1a1c01bbd47fc00a2c39e90264f33305004495a9","hash":"5e1195e7fe5a37035827c3f8b6521d6ff622eb53"}
,"/home/charles/Documents/UBC/2020W1/CPEN 321/MyBubble/backend/healthStatus.js": {"path":"/home/charles/Documents/UBC/2020W1/CPEN 321/MyBubble/backend/healthStatus.js","statementMap":{"0":{"start":{"line":1,"column":16},"end":{"line":1,"column":34}},"1":{"start":{"line":2,"column":15},"end":{"line":2,"column":31}},"2":{"start":{"line":4,"column":17},"end":{"line":4,"column":36}},"3":{"start":{"line":5,"column":18},"end":{"line":5,"column":41}},"4":{"start":{"line":7,"column":23},"end":{"line":7,"column":59}},"5":{"start":{"line":8,"column":17},"end":{"line":8,"column":42}},"6":{"start":{"line":9,"column":16},"end":{"line":9,"column":55}},"7":{"start":{"line":10,"column":22},"end":{"line":10,"column":61}},"8":{"start":{"line":11,"column":0},"end":{"line":11,"column":27}},"9":{"start":{"line":13,"column":0},"end":{"line":66,"column":2}},"10":{"start":{"line":14,"column":4},"end":{"line":19,"column":5}},"11":{"start":{"line":15,"column":8},"end":{"line":15,"column":60}},"12":{"start":{"line":16,"column":8},"end":{"line":16,"column":55}},"13":{"start":{"line":17,"column":8},"end":{"line":17,"column":19}},"14":{"start":{"line":18,"column":8},"end":{"line":18,"column":15}},"15":{"start":{"line":21,"column":4},"end":{"line":27,"column":5}},"16":{"start":{"line":23,"column":8},"end":{"line":23,"column":60}},"17":{"start":{"line":24,"column":8},"end":{"line":24,"column":55}},"18":{"start":{"line":25,"column":8},"end":{"line":25,"column":19}},"19":{"start":{"line":26,"column":8},"end":{"line":26,"column":15}},"20":{"start":{"line":29,"column":26},"end":{"line":29,"column":125}},"21":{"start":{"line":31,"column":4},"end":{"line":65,"column":5}},"22":{"start":{"line":32,"column":19},"end":{"line":32,"column":65}},"23":{"start":{"line":34,"column":8},"end":{"line":37,"column":9}},"24":{"start":{"line":35,"column":22},"end":{"line":35,"column":49}},"25":{"start":{"line":36,"column":12},"end":{"line":36,"column":22}},"26":{"start":{"line":39,"column":8},"end":{"line":43,"column":9}},"27":{"start":{"line":40,"column":12},"end":{"line":40,"column":48}},"28":{"start":{"line":41,"column":15},"end":{"line":43,"column":9}},"29":{"start":{"line":42,"column":12},"end":{"line":42,"column":140}},"30":{"start":{"line":45,"column":8},"end":{"line":45,"column":44}},"31":{"start":{"line":46,"column":8},"end":{"line":46,"column":55}},"32":{"start":{"line":47,"column":8},"end":{"line":47,"column":20}},"33":{"start":{"line":49,"column":8},"end":{"line":52,"column":9}},"34":{"start":{"line":50,"column":12},"end":{"line":50,"column":27}},"35":{"start":{"line":51,"column":12},"end":{"line":51,"column":19}},"36":{"start":{"line":54,"column":26},"end":{"line":54,"column":71}},"37":{"start":{"line":55,"column":8},"end":{"line":55,"column":105}},"38":{"start":{"line":56,"column":8},"end":{"line":56,"column":109}},"39":{"start":{"line":57,"column":8},"end":{"line":57,"column":105}},"40":{"start":{"line":59,"column":8},"end":{"line":59,"column":22}},"41":{"start":{"line":62,"column":8},"end":{"line":62,"column":27}},"42":{"start":{"line":63,"column":8},"end":{"line":63,"column":34}},"43":{"start":{"line":64,"column":8},"end":{"line":64,"column":19}},"44":{"start":{"line":69,"column":0},"end":{"line":99,"column":3}},"45":{"start":{"line":70,"column":4},"end":{"line":75,"column":5}},"46":{"start":{"line":71,"column":8},"end":{"line":71,"column":60}},"47":{"start":{"line":72,"column":8},"end":{"line":72,"column":55}},"48":{"start":{"line":73,"column":8},"end":{"line":73,"column":19}},"49":{"start":{"line":74,"column":8},"end":{"line":74,"column":15}},"50":{"start":{"line":76,"column":4},"end":{"line":98,"column":5}},"51":{"start":{"line":77,"column":19},"end":{"line":77,"column":65}},"52":{"start":{"line":79,"column":8},"end":{"line":82,"column":9}},"53":{"start":{"line":80,"column":22},"end":{"line":80,"column":49}},"54":{"start":{"line":81,"column":12},"end":{"line":81,"column":22}},"55":{"start":{"line":84,"column":22},"end":{"line":84,"column":71}},"56":{"start":{"line":85,"column":27},"end":{"line":85,"column":44}},"57":{"start":{"line":87,"column":8},"end":{"line":87,"column":57}},"58":{"start":{"line":89,"column":8},"end":{"line":89,"column":20}},"59":{"start":{"line":91,"column":27},"end":{"line":91,"column":50}},"60":{"start":{"line":93,"column":8},"end":{"line":93,"column":31}},"61":{"start":{"line":95,"column":8},"end":{"line":95,"column":27}},"62":{"start":{"line":96,"column":8},"end":{"line":96,"column":34}},"63":{"start":{"line":97,"column":8},"end":{"line":97,"column":19}},"64":{"start":{"line":101,"column":0},"end":{"line":101,"column":24}}},"fnMap":{"0":{"name":"(anonymous_0)","decl":{"start":{"line":13,"column":35},"end":{"line":13,"column":36}},"loc":{"start":{"line":13,"column":55},"end":{"line":66,"column":1}},"line":13},"1":{"name":"(anonymous_1)","decl":{"start":{"line":69,"column":32},"end":{"line":69,"column":33}},"loc":{"start":{"line":69,"column":52},"end":{"line":99,"column":1}},"line":69}},"branchMap":{"0":{"loc":{"start":{"line":14,"column":4},"end":{"line":19,"column":5}},"type":"if","locations":[{"start":{"line":14,"column":4},"end":{"line":19,"column":5}},{"start":{"line":14,"column":4},"end":{"line":19,"column":5}}],"line":14},"1":{"loc":{"start":{"line":14,"column":7},"end":{"line":14,"column":57}},"type":"binary-expr","locations":[{"start":{"line":14,"column":7},"end":{"line":14,"column":19}},{"start":{"line":14,"column":23},"end":{"line":14,"column":57}}],"line":14},"2":{"loc":{"start":{"line":21,"column":4},"end":{"line":27,"column":5}},"type":"if","locations":[{"start":{"line":21,"column":4},"end":{"line":27,"column":5}},{"start":{"line":21,"column":4},"end":{"line":27,"column":5}}],"line":21},"3":{"loc":{"start":{"line":21,"column":7},"end":{"line":22,"column":54}},"type":"binary-expr","locations":[{"start":{"line":21,"column":7},"end":{"line":21,"column":49}},{"start":{"line":22,"column":11},"end":{"line":22,"column":54}}],"line":21},"4":{"loc":{"start":{"line":29,"column":26},"end":{"line":29,"column":125}},"type":"cond-expr","locations":[{"start":{"line":29,"column":73},"end":{"line":29,"column":100}},{"start":{"line":29,"column":103},"end":{"line":29,"column":125}}],"line":29},"5":{"loc":{"start":{"line":34,"column":8},"end":{"line":37,"column":9}},"type":"if","locations":[{"start":{"line":34,"column":8},"end":{"line":37,"column":9}},{"start":{"line":34,"column":8},"end":{"line":37,"column":9}}],"line":34},"6":{"loc":{"start":{"line":39,"column":8},"end":{"line":43,"column":9}},"type":"if","locations":[{"start":{"line":39,"column":8},"end":{"line":43,"column":9}},{"start":{"line":39,"column":8},"end":{"line":43,"column":9}}],"line":39},"7":{"loc":{"start":{"line":39,"column":11},"end":{"line":39,"column":103}},"type":"binary-expr","locations":[{"start":{"line":39,"column":11},"end":{"line":39,"column":52}},{"start":{"line":39,"column":56},"end":{"line":39,"column":103}}],"line":39},"8":{"loc":{"start":{"line":41,"column":15},"end":{"line":43,"column":9}},"type":"if","locations":[{"start":{"line":41,"column":15},"end":{"line":43,"column":9}},{"start":{"line":41,"column":15},"end":{"line":43,"column":9}}],"line":41},"9":{"loc":{"start":{"line":41,"column":18},"end":{"line":41,"column":111}},"type":"binary-expr","locations":[{"start":{"line":41,"column":18},"end":{"line":41,"column":59}},{"start":{"line":41,"column":63},"end":{"line":41,"column":111}}],"line":41},"10":{"loc":{"start":{"line":49,"column":8},"end":{"line":52,"column":9}},"type":"if","locations":[{"start":{"line":49,"column":8},"end":{"line":52,"column":9}},{"start":{"line":49,"column":8},"end":{"line":52,"column":9}}],"line":49},"11":{"loc":{"start":{"line":70,"column":4},"end":{"line":75,"column":5}},"type":"if","locations":[{"start":{"line":70,"column":4},"end":{"line":75,"column":5}},{"start":{"line":70,"column":4},"end":{"line":75,"column":5}}],"line":70},"12":{"loc":{"start":{"line":79,"column":8},"end":{"line":82,"column":9}},"type":"if","locations":[{"start":{"line":79,"column":8},"end":{"line":82,"column":9}},{"start":{"line":79,"column":8},"end":{"line":82,"column":9}}],"line":79}},"s":{"0":1,"1":1,"2":1,"3":1,"4":1,"5":1,"6":1,"7":1,"8":1,"9":1,"10":2,"11":0,"12":0,"13":0,"14":0,"15":2,"16":0,"17":0,"18":0,"19":0,"20":2,"21":2,"22":2,"23":2,"24":0,"25":0,"26":2,"27":0,"28":2,"29":1,"30":2,"31":2,"32":2,"33":2,"34":1,"35":1,"36":1,"37":1,"38":1,"39":1,"40":1,"41":0,"42":0,"43":0,"44":1,"45":3,"46":0,"47":0,"48":0,"49":0,"50":3,"51":3,"52":3,"53":0,"54":0,"55":3,"56":3,"57":3,"58":3,"59":3,"60":3,"61":0,"62":0,"63":0,"64":1},"f":{"0":2,"1":3},"b":{"0":[0,2],"1":[2,2],"2":[0,2],"3":[2,1],"4":[1,1],"5":[0,2],"6":[0,2],"7":[2,1],"8":[1,1],"9":[2,1],"10":[1,1],"11":[0,3],"12":[0,3]},"_coverageSchema":"1a1c01bbd47fc00a2c39e90264f33305004495a9","hash":"f1f817060f0dd18f71392f84254ce606fa5b3eb6"}
,"/home/charles/Documents/UBC/2020W1/CPEN 321/MyBubble/backend/keys.js": {"path":"/home/charles/Documents/UBC/2020W1/CPEN 321/MyBubble/backend/keys.js","statementMap":{"0":{"start":{"line":1,"column":0},"end":{"line":1,"column":181}},"1":{"start":{"line":3,"column":0},"end":{"line":3,"column":32}}},"fnMap":{},"branchMap":{},"s":{"0":1,"1":1},"f":{},"b":{},"_coverageSchema":"1a1c01bbd47fc00a2c39e90264f33305004495a9","hash":"1ecccbe6a6a31def7428a57a4aff51d1f47de963"}
,"/home/charles/Documents/UBC/2020W1/CPEN 321/MyBubble/backend/user.js": {"path":"/home/charles/Documents/UBC/2020W1/CPEN 321/MyBubble/backend/user.js","statementMap":{"0":{"start":{"line":1,"column":16},"end":{"line":1,"column":34}},"1":{"start":{"line":2,"column":15},"end":{"line":2,"column":31}},"2":{"start":{"line":4,"column":17},"end":{"line":4,"column":36}},"3":{"start":{"line":5,"column":18},"end":{"line":5,"column":41}},"4":{"start":{"line":7,"column":23},"end":{"line":7,"column":59}},"5":{"start":{"line":9,"column":17},"end":{"line":9,"column":42}},"6":{"start":{"line":10,"column":16},"end":{"line":10,"column":55}},"7":{"start":{"line":12,"column":0},"end":{"line":12,"column":27}},"8":{"start":{"line":20,"column":0},"end":{"line":31,"column":3}},"9":{"start":{"line":21,"column":4},"end":{"line":30,"column":5}},"10":{"start":{"line":22,"column":8},"end":{"line":22,"column":30}},"11":{"start":{"line":23,"column":8},"end":{"line":23,"column":126}},"12":{"start":{"line":24,"column":8},"end":{"line":24,"column":37}},"13":{"start":{"line":25,"column":8},"end":{"line":25,"column":23}},"14":{"start":{"line":27,"column":8},"end":{"line":27,"column":27}},"15":{"start":{"line":28,"column":8},"end":{"line":28,"column":34}},"16":{"start":{"line":29,"column":8},"end":{"line":29,"column":19}},"17":{"start":{"line":33,"column":0},"end":{"line":43,"column":3}},"18":{"start":{"line":34,"column":4},"end":{"line":42,"column":5}},"19":{"start":{"line":35,"column":8},"end":{"line":35,"column":47}},"20":{"start":{"line":36,"column":8},"end":{"line":36,"column":23}},"21":{"start":{"line":39,"column":8},"end":{"line":39,"column":27}},"22":{"start":{"line":40,"column":8},"end":{"line":40,"column":34}},"23":{"start":{"line":41,"column":8},"end":{"line":41,"column":19}},"24":{"start":{"line":46,"column":0},"end":{"line":110,"column":3}},"25":{"start":{"line":47,"column":4},"end":{"line":52,"column":5}},"26":{"start":{"line":48,"column":8},"end":{"line":48,"column":60}},"27":{"start":{"line":49,"column":8},"end":{"line":49,"column":57}},"28":{"start":{"line":50,"column":8},"end":{"line":50,"column":19}},"29":{"start":{"line":51,"column":8},"end":{"line":51,"column":15}},"30":{"start":{"line":56,"column":4},"end":{"line":109,"column":5}},"31":{"start":{"line":57,"column":8},"end":{"line":57,"column":71}},"32":{"start":{"line":58,"column":8},"end":{"line":58,"column":73}},"33":{"start":{"line":60,"column":8},"end":{"line":63,"column":9}},"34":{"start":{"line":61,"column":22},"end":{"line":61,"column":49}},"35":{"start":{"line":62,"column":12},"end":{"line":62,"column":22}},"36":{"start":{"line":65,"column":8},"end":{"line":68,"column":9}},"37":{"start":{"line":66,"column":22},"end":{"line":66,"column":58}},"38":{"start":{"line":67,"column":12},"end":{"line":67,"column":22}},"39":{"start":{"line":70,"column":8},"end":{"line":70,"column":67}},"40":{"start":{"line":71,"column":8},"end":{"line":71,"column":67}},"41":{"start":{"line":73,"column":8},"end":{"line":73,"column":139}},"42":{"start":{"line":73,"column":91},"end":{"line":73,"column":137}},"43":{"start":{"line":74,"column":8},"end":{"line":74,"column":140}},"44":{"start":{"line":74,"column":93},"end":{"line":74,"column":138}},"45":{"start":{"line":76,"column":8},"end":{"line":97,"column":9}},"46":{"start":{"line":77,"column":28},"end":{"line":77,"column":103}},"47":{"start":{"line":78,"column":29},"end":{"line":78,"column":104}},"48":{"start":{"line":80,"column":39},"end":{"line":80,"column":62}},"49":{"start":{"line":81,"column":12},"end":{"line":83,"column":13}},"50":{"start":{"line":82,"column":16},"end":{"line":82,"column":99}},"51":{"start":{"line":85,"column":12},"end":{"line":87,"column":13}},"52":{"start":{"line":86,"column":16},"end":{"line":86,"column":146}},"53":{"start":{"line":89,"column":12},"end":{"line":92,"column":13}},"54":{"start":{"line":90,"column":40},"end":{"line":90,"column":94}},"55":{"start":{"line":91,"column":16},"end":{"line":91,"column":135}},"56":{"start":{"line":94,"column":12},"end":{"line":96,"column":13}},"57":{"start":{"line":95,"column":16},"end":{"line":95,"column":75}},"58":{"start":{"line":99,"column":8},"end":{"line":99,"column":31}},"59":{"start":{"line":100,"column":8},"end":{"line":100,"column":32}},"60":{"start":{"line":102,"column":23},"end":{"line":102,"column":46}},"61":{"start":{"line":103,"column":8},"end":{"line":103,"column":27}},"62":{"start":{"line":106,"column":8},"end":{"line":106,"column":27}},"63":{"start":{"line":107,"column":8},"end":{"line":107,"column":34}},"64":{"start":{"line":108,"column":8},"end":{"line":108,"column":19}},"65":{"start":{"line":112,"column":0},"end":{"line":138,"column":2}},"66":{"start":{"line":113,"column":4},"end":{"line":118,"column":5}},"67":{"start":{"line":114,"column":8},"end":{"line":114,"column":60}},"68":{"start":{"line":115,"column":8},"end":{"line":115,"column":57}},"69":{"start":{"line":116,"column":8},"end":{"line":116,"column":19}},"70":{"start":{"line":117,"column":8},"end":{"line":117,"column":15}},"71":{"start":{"line":120,"column":17},"end":{"line":120,"column":30}},"72":{"start":{"line":122,"column":4},"end":{"line":137,"column":5}},"73":{"start":{"line":123,"column":19},"end":{"line":123,"column":59}},"74":{"start":{"line":125,"column":8},"end":{"line":128,"column":9}},"75":{"start":{"line":126,"column":22},"end":{"line":126,"column":49}},"76":{"start":{"line":127,"column":12},"end":{"line":127,"column":22}},"77":{"start":{"line":130,"column":26},"end":{"line":130,"column":71}},"78":{"start":{"line":131,"column":8},"end":{"line":131,"column":29}},"79":{"start":{"line":134,"column":8},"end":{"line":134,"column":27}},"80":{"start":{"line":135,"column":8},"end":{"line":135,"column":34}},"81":{"start":{"line":136,"column":8},"end":{"line":136,"column":19}},"82":{"start":{"line":140,"column":0},"end":{"line":195,"column":2}},"83":{"start":{"line":141,"column":4},"end":{"line":147,"column":5}},"84":{"start":{"line":143,"column":8},"end":{"line":143,"column":60}},"85":{"start":{"line":144,"column":8},"end":{"line":144,"column":55}},"86":{"start":{"line":145,"column":8},"end":{"line":145,"column":19}},"87":{"start":{"line":146,"column":8},"end":{"line":146,"column":15}},"88":{"start":{"line":149,"column":4},"end":{"line":194,"column":5}},"89":{"start":{"line":150,"column":23},"end":{"line":150,"column":33}},"90":{"start":{"line":151,"column":29},"end":{"line":151,"column":52}},"91":{"start":{"line":152,"column":22},"end":{"line":152,"column":71}},"92":{"start":{"line":153,"column":8},"end":{"line":156,"column":9}},"93":{"start":{"line":154,"column":22},"end":{"line":154,"column":49}},"94":{"start":{"line":155,"column":12},"end":{"line":155,"column":22}},"95":{"start":{"line":158,"column":24},"end":{"line":158,"column":74}},"96":{"start":{"line":159,"column":25},"end":{"line":159,"column":76}},"97":{"start":{"line":161,"column":8},"end":{"line":164,"column":9}},"98":{"start":{"line":162,"column":22},"end":{"line":162,"column":49}},"99":{"start":{"line":163,"column":12},"end":{"line":163,"column":22}},"100":{"start":{"line":166,"column":8},"end":{"line":169,"column":9}},"101":{"start":{"line":167,"column":22},"end":{"line":167,"column":67}},"102":{"start":{"line":168,"column":12},"end":{"line":168,"column":22}},"103":{"start":{"line":171,"column":8},"end":{"line":177,"column":9}},"104":{"start":{"line":171,"column":20},"end":{"line":171,"column":21}},"105":{"start":{"line":172,"column":29},"end":{"line":172,"column":62}},"106":{"start":{"line":173,"column":12},"end":{"line":176,"column":13}},"107":{"start":{"line":174,"column":26},"end":{"line":174,"column":82}},"108":{"start":{"line":175,"column":16},"end":{"line":175,"column":26}},"109":{"start":{"line":179,"column":37},"end":{"line":179,"column":90}},"110":{"start":{"line":180,"column":38},"end":{"line":180,"column":90}},"111":{"start":{"line":182,"column":8},"end":{"line":182,"column":67}},"112":{"start":{"line":183,"column":8},"end":{"line":183,"column":69}},"113":{"start":{"line":185,"column":8},"end":{"line":185,"column":31}},"114":{"start":{"line":186,"column":8},"end":{"line":186,"column":32}},"115":{"start":{"line":188,"column":23},"end":{"line":188,"column":46}},"116":{"start":{"line":189,"column":8},"end":{"line":189,"column":27}},"117":{"start":{"line":191,"column":8},"end":{"line":191,"column":27}},"118":{"start":{"line":192,"column":8},"end":{"line":192,"column":34}},"119":{"start":{"line":193,"column":8},"end":{"line":193,"column":19}},"120":{"start":{"line":197,"column":0},"end":{"line":246,"column":2}},"121":{"start":{"line":198,"column":4},"end":{"line":203,"column":5}},"122":{"start":{"line":199,"column":8},"end":{"line":199,"column":60}},"123":{"start":{"line":200,"column":8},"end":{"line":200,"column":57}},"124":{"start":{"line":201,"column":8},"end":{"line":201,"column":19}},"125":{"start":{"line":202,"column":8},"end":{"line":202,"column":15}},"126":{"start":{"line":205,"column":17},"end":{"line":205,"column":30}},"127":{"start":{"line":207,"column":4},"end":{"line":245,"column":5}},"128":{"start":{"line":208,"column":19},"end":{"line":208,"column":59}},"129":{"start":{"line":210,"column":8},"end":{"line":213,"column":9}},"130":{"start":{"line":211,"column":22},"end":{"line":211,"column":49}},"131":{"start":{"line":212,"column":12},"end":{"line":212,"column":22}},"132":{"start":{"line":215,"column":42},"end":{"line":215,"column":44}},"133":{"start":{"line":217,"column":23},"end":{"line":217,"column":33}},"134":{"start":{"line":218,"column":8},"end":{"line":223,"column":11}},"135":{"start":{"line":219,"column":33},"end":{"line":219,"column":52}},"136":{"start":{"line":220,"column":26},"end":{"line":220,"column":75}},"137":{"start":{"line":222,"column":12},"end":{"line":222,"column":55}},"138":{"start":{"line":225,"column":8},"end":{"line":225,"column":26}},"139":{"start":{"line":227,"column":8},"end":{"line":237,"column":9}},"140":{"start":{"line":227,"column":20},"end":{"line":227,"column":21}},"141":{"start":{"line":228,"column":32},"end":{"line":228,"column":98}},"142":{"start":{"line":230,"column":12},"end":{"line":236,"column":15}},"143":{"start":{"line":239,"column":8},"end":{"line":239,"column":45}},"144":{"start":{"line":242,"column":8},"end":{"line":242,"column":27}},"145":{"start":{"line":243,"column":8},"end":{"line":243,"column":34}},"146":{"start":{"line":244,"column":8},"end":{"line":244,"column":19}},"147":{"start":{"line":248,"column":0},"end":{"line":248,"column":24}}},"fnMap":{"0":{"name":"(anonymous_0)","decl":{"start":{"line":20,"column":23},"end":{"line":20,"column":24}},"loc":{"start":{"line":20,"column":42},"end":{"line":31,"column":1}},"line":20},"1":{"name":"(anonymous_1)","decl":{"start":{"line":33,"column":27},"end":{"line":33,"column":28}},"loc":{"start":{"line":33,"column":46},"end":{"line":43,"column":1}},"line":33},"2":{"name":"(anonymous_2)","decl":{"start":{"line":46,"column":35},"end":{"line":46,"column":36}},"loc":{"start":{"line":46,"column":55},"end":{"line":110,"column":1}},"line":46},"3":{"name":"(anonymous_3)","decl":{"start":{"line":73,"column":85},"end":{"line":73,"column":86}},"loc":{"start":{"line":73,"column":91},"end":{"line":73,"column":137}},"line":73},"4":{"name":"(anonymous_4)","decl":{"start":{"line":74,"column":87},"end":{"line":74,"column":88}},"loc":{"start":{"line":74,"column":93},"end":{"line":74,"column":138}},"line":74},"5":{"name":"(anonymous_5)","decl":{"start":{"line":112,"column":33},"end":{"line":112,"column":34}},"loc":{"start":{"line":112,"column":53},"end":{"line":138,"column":1}},"line":112},"6":{"name":"(anonymous_6)","decl":{"start":{"line":140,"column":39},"end":{"line":140,"column":40}},"loc":{"start":{"line":140,"column":58},"end":{"line":195,"column":1}},"line":140},"7":{"name":"(anonymous_7)","decl":{"start":{"line":197,"column":39},"end":{"line":197,"column":40}},"loc":{"start":{"line":197,"column":59},"end":{"line":246,"column":1}},"line":197},"8":{"name":"(anonymous_8)","decl":{"start":{"line":218,"column":75},"end":{"line":218,"column":76}},"loc":{"start":{"line":218,"column":85},"end":{"line":223,"column":9}},"line":218}},"branchMap":{"0":{"loc":{"start":{"line":47,"column":4},"end":{"line":52,"column":5}},"type":"if","locations":[{"start":{"line":47,"column":4},"end":{"line":52,"column":5}},{"start":{"line":47,"column":4},"end":{"line":52,"column":5}}],"line":47},"1":{"loc":{"start":{"line":47,"column":7},"end":{"line":47,"column":87}},"type":"binary-expr","locations":[{"start":{"line":47,"column":7},"end":{"line":47,"column":24}},{"start":{"line":47,"column":28},"end":{"line":47,"column":46}},{"start":{"line":47,"column":50},"end":{"line":47,"column":87}}],"line":47},"2":{"loc":{"start":{"line":60,"column":8},"end":{"line":63,"column":9}},"type":"if","locations":[{"start":{"line":60,"column":8},"end":{"line":63,"column":9}},{"start":{"line":60,"column":8},"end":{"line":63,"column":9}}],"line":60},"3":{"loc":{"start":{"line":60,"column":11},"end":{"line":60,"column":36}},"type":"binary-expr","locations":[{"start":{"line":60,"column":11},"end":{"line":60,"column":21}},{"start":{"line":60,"column":25},"end":{"line":60,"column":36}}],"line":60},"4":{"loc":{"start":{"line":65,"column":8},"end":{"line":68,"column":9}},"type":"if","locations":[{"start":{"line":65,"column":8},"end":{"line":68,"column":9}},{"start":{"line":65,"column":8},"end":{"line":68,"column":9}}],"line":65},"5":{"loc":{"start":{"line":76,"column":8},"end":{"line":97,"column":9}},"type":"if","locations":[{"start":{"line":76,"column":8},"end":{"line":97,"column":9}},{"start":{"line":76,"column":8},"end":{"line":97,"column":9}}],"line":76},"6":{"loc":{"start":{"line":77,"column":28},"end":{"line":77,"column":103}},"type":"cond-expr","locations":[{"start":{"line":77,"column":81},"end":{"line":77,"column":90}},{"start":{"line":77,"column":93},"end":{"line":77,"column":103}}],"line":77},"7":{"loc":{"start":{"line":78,"column":29},"end":{"line":78,"column":104}},"type":"cond-expr","locations":[{"start":{"line":78,"column":82},"end":{"line":78,"column":91}},{"start":{"line":78,"column":94},"end":{"line":78,"column":104}}],"line":78},"8":{"loc":{"start":{"line":81,"column":12},"end":{"line":83,"column":13}},"type":"if","locations":[{"start":{"line":81,"column":12},"end":{"line":83,"column":13}},{"start":{"line":81,"column":12},"end":{"line":83,"column":13}}],"line":81},"9":{"loc":{"start":{"line":85,"column":12},"end":{"line":87,"column":13}},"type":"if","locations":[{"start":{"line":85,"column":12},"end":{"line":87,"column":13}},{"start":{"line":85,"column":12},"end":{"line":87,"column":13}}],"line":85},"10":{"loc":{"start":{"line":89,"column":12},"end":{"line":92,"column":13}},"type":"if","locations":[{"start":{"line":89,"column":12},"end":{"line":92,"column":13}},{"start":{"line":89,"column":12},"end":{"line":92,"column":13}}],"line":89},"11":{"loc":{"start":{"line":94,"column":12},"end":{"line":96,"column":13}},"type":"if","locations":[{"start":{"line":94,"column":12},"end":{"line":96,"column":13}},{"start":{"line":94,"column":12},"end":{"line":96,"column":13}}],"line":94},"12":{"loc":{"start":{"line":113,"column":4},"end":{"line":118,"column":5}},"type":"if","locations":[{"start":{"line":113,"column":4},"end":{"line":118,"column":5}},{"start":{"line":113,"column":4},"end":{"line":118,"column":5}}],"line":113},"13":{"loc":{"start":{"line":125,"column":8},"end":{"line":128,"column":9}},"type":"if","locations":[{"start":{"line":125,"column":8},"end":{"line":128,"column":9}},{"start":{"line":125,"column":8},"end":{"line":128,"column":9}}],"line":125},"14":{"loc":{"start":{"line":141,"column":4},"end":{"line":147,"column":5}},"type":"if","locations":[{"start":{"line":141,"column":4},"end":{"line":147,"column":5}},{"start":{"line":141,"column":4},"end":{"line":147,"column":5}}],"line":141},"15":{"loc":{"start":{"line":141,"column":7},"end":{"line":141,"column":107}},"type":"binary-expr","locations":[{"start":{"line":141,"column":7},"end":{"line":141,"column":24}},{"start":{"line":141,"column":28},"end":{"line":141,"column":46}},{"start":{"line":141,"column":50},"end":{"line":141,"column":64}},{"start":{"line":141,"column":69},"end":{"line":141,"column":106}}],"line":141},"16":{"loc":{"start":{"line":153,"column":8},"end":{"line":156,"column":9}},"type":"if","locations":[{"start":{"line":153,"column":8},"end":{"line":156,"column":9}},{"start":{"line":153,"column":8},"end":{"line":156,"column":9}}],"line":153},"17":{"loc":{"start":{"line":153,"column":11},"end":{"line":153,"column":88}},"type":"binary-expr","locations":[{"start":{"line":153,"column":11},"end":{"line":153,"column":51}},{"start":{"line":153,"column":55},"end":{"line":153,"column":88}}],"line":153},"18":{"loc":{"start":{"line":161,"column":8},"end":{"line":164,"column":9}},"type":"if","locations":[{"start":{"line":161,"column":8},"end":{"line":164,"column":9}},{"start":{"line":161,"column":8},"end":{"line":164,"column":9}}],"line":161},"19":{"loc":{"start":{"line":161,"column":11},"end":{"line":161,"column":36}},"type":"binary-expr","locations":[{"start":{"line":161,"column":11},"end":{"line":161,"column":21}},{"start":{"line":161,"column":25},"end":{"line":161,"column":36}}],"line":161},"20":{"loc":{"start":{"line":166,"column":8},"end":{"line":169,"column":9}},"type":"if","locations":[{"start":{"line":166,"column":8},"end":{"line":169,"column":9}},{"start":{"line":166,"column":8},"end":{"line":169,"column":9}}],"line":166},"21":{"loc":{"start":{"line":173,"column":12},"end":{"line":176,"column":13}},"type":"if","locations":[{"start":{"line":173,"column":12},"end":{"line":176,"column":13}},{"start":{"line":173,"column":12},"end":{"line":176,"column":13}}],"line":173},"22":{"loc":{"start":{"line":173,"column":15},"end":{"line":173,"column":127}},"type":"binary-expr","locations":[{"start":{"line":173,"column":15},"end":{"line":173,"column":69}},{"start":{"line":173,"column":73},"end":{"line":173,"column":127}}],"line":173},"23":{"loc":{"start":{"line":198,"column":4},"end":{"line":203,"column":5}},"type":"if","locations":[{"start":{"line":198,"column":4},"end":{"line":203,"column":5}},{"start":{"line":198,"column":4},"end":{"line":203,"column":5}}],"line":198},"24":{"loc":{"start":{"line":210,"column":8},"end":{"line":213,"column":9}},"type":"if","locations":[{"start":{"line":210,"column":8},"end":{"line":213,"column":9}},{"start":{"line":210,"column":8},"end":{"line":213,"column":9}}],"line":210}},"s":{"0":1,"1":1,"2":1,"3":1,"4":1,"5":1,"6":1,"7":1,"8":1,"9":2,"10":2,"11":2,"12":2,"13":1,"14":1,"15":1,"16":1,"17":1,"18":4,"19":4,"20":4,"21":0,"22":0,"23":0,"24":1,"25":2,"26":0,"27":0,"28":0,"29":0,"30":2,"31":2,"32":2,"33":2,"34":0,"35":0,"36":2,"37":1,"38":1,"39":1,"40":1,"41":1,"42":0,"43":1,"44":0,"45":1,"46":1,"47":1,"48":1,"49":1,"50":1,"51":1,"52":1,"53":1,"54":1,"55":1,"56":1,"57":1,"58":1,"59":1,"60":1,"61":1,"62":1,"63":1,"64":1,"65":1,"66":1,"67":0,"68":0,"69":0,"70":0,"71":1,"72":1,"73":1,"74":1,"75":0,"76":0,"77":1,"78":1,"79":0,"80":0,"81":0,"82":1,"83":5,"84":0,"85":0,"86":0,"87":0,"88":5,"89":5,"90":5,"91":5,"92":5,"93":1,"94":1,"95":4,"96":4,"97":4,"98":0,"99":0,"100":4,"101":0,"102":0,"103":4,"104":4,"105":8,"106":8,"107":1,"108":1,"109":3,"110":3,"111":3,"112":3,"113":3,"114":3,"115":3,"116":3,"117":2,"118":2,"119":2,"120":1,"121":1,"122":0,"123":0,"124":0,"125":0,"126":1,"127":1,"128":1,"129":1,"130":0,"131":0,"132":1,"133":1,"134":1,"135":4,"136":4,"137":4,"138":1,"139":1,"140":1,"141":3,"142":3,"143":1,"144":0,"145":0,"146":0,"147":1},"f":{"0":2,"1":4,"2":2,"3":0,"4":0,"5":1,"6":5,"7":1,"8":4},"b":{"0":[0,2],"1":[2,2,2],"2":[0,2],"3":[2,2],"4":[1,1],"5":[1,0],"6":[0,1],"7":[1,0],"8":[1,0],"9":[1,0],"10":[1,0],"11":[1,0],"12":[0,1],"13":[0,1],"14":[0,5],"15":[5,5,5,5],"16":[1,4],"17":[5,5],"18":[0,4],"19":[4,4],"20":[0,4],"21":[1,7],"22":[8,5],"23":[0,1],"24":[0,1]},"_coverageSchema":"1a1c01bbd47fc00a2c39e90264f33305004495a9","hash":"55c5cfaa4d0f061f8b3a6f3171dbfe3cbc7c6fb6"}
,"/home/charles/Documents/UBC/2020W1/CPEN 321/MyBubble/backend/userSchema.js": {"path":"/home/charles/Documents/UBC/2020W1/CPEN 321/MyBubble/backend/userSchema.js","statementMap":{"0":{"start":{"line":1,"column":17},"end":{"line":1,"column":36}},"1":{"start":{"line":2,"column":15},"end":{"line":2,"column":30}},"2":{"start":{"line":4,"column":19},"end":{"line":28,"column":2}},"3":{"start":{"line":30,"column":0},"end":{"line":30,"column":52}}},"fnMap":{},"branchMap":{},"s":{"0":1,"1":1,"2":1,"3":1},"f":{},"b":{},"_coverageSchema":"1a1c01bbd47fc00a2c39e90264f33305004495a9","hash":"28bdeff26f4a10d471566e516edae92e2519fd21"}
,"/home/charles/Documents/UBC/2020W1/CPEN 321/MyBubble/backend/integrationTests/integrationHelpers.js": {"path":"/home/charles/Documents/UBC/2020W1/CPEN 321/MyBubble/backend/integrationTests/integrationHelpers.js","statementMap":{"0":{"start":{"line":1,"column":16},"end":{"line":12,"column":1}},"1":{"start":{"line":14,"column":24},"end":{"line":25,"column":1}},"2":{"start":{"line":27,"column":23},"end":{"line":46,"column":1}},"3":{"start":{"line":48,"column":0},"end":{"line":48,"column":65}}},"fnMap":{},"branchMap":{},"s":{"0":1,"1":1,"2":1,"3":1},"f":{},"b":{},"_coverageSchema":"1a1c01bbd47fc00a2c39e90264f33305004495a9","hash":"14ebab89a2e785f23358bb464babebab1e5d0548"}
,"/home/charles/Documents/UBC/2020W1/CPEN 321/MyBubble/backend/notifications/firebase-config.js": {"path":"/home/charles/Documents/UBC/2020W1/CPEN 321/MyBubble/backend/notifications/firebase-config.js","statementMap":{"0":{"start":{"line":1,"column":12},"end":{"line":1,"column":37}},"1":{"start":{"line":3,"column":21},"end":{"line":3,"column":88}},"2":{"start":{"line":6,"column":0},"end":{"line":9,"column":2}},"3":{"start":{"line":11,"column":0},"end":{"line":11,"column":28}}},"fnMap":{},"branchMap":{},"s":{"0":1,"1":1,"2":1,"3":1},"f":{},"b":{},"_coverageSchema":"1a1c01bbd47fc00a2c39e90264f33305004495a9","hash":"15de7f94e058d25c544322228a17cdd82f3c46df"}
,"/home/charles/Documents/UBC/2020W1/CPEN 321/MyBubble/backend/notifications/server.js": {"path":"/home/charles/Documents/UBC/2020W1/CPEN 321/MyBubble/backend/notifications/server.js","statementMap":{"0":{"start":{"line":1,"column":16},"end":{"line":1,"column":34}},"1":{"start":{"line":2,"column":18},"end":{"line":2,"column":46}},"2":{"start":{"line":3,"column":13},"end":{"line":3,"column":36}},"3":{"start":{"line":4,"column":15},"end":{"line":4,"column":31}},"4":{"start":{"line":6,"column":29},"end":{"line":9,"column":1}},"5":{"start":{"line":11,"column":0},"end":{"line":50,"column":2}},"6":{"start":{"line":12,"column":4},"end":{"line":12,"column":42}},"7":{"start":{"line":14,"column":20},"end":{"line":35,"column":5}},"8":{"start":{"line":37,"column":21},"end":{"line":37,"column":41}},"9":{"start":{"line":39,"column":6},"end":{"line":48,"column":9}},"10":{"start":{"line":42,"column":8},"end":{"line":42,"column":29}},"11":{"start":{"line":43,"column":8},"end":{"line":43,"column":62}},"12":{"start":{"line":47,"column":10},"end":{"line":47,"column":29}},"13":{"start":{"line":52,"column":0},"end":{"line":52,"column":24}}},"fnMap":{"0":{"name":"(anonymous_0)","decl":{"start":{"line":11,"column":21},"end":{"line":11,"column":22}},"loc":{"start":{"line":11,"column":33},"end":{"line":50,"column":1}},"line":11},"1":{"name":"(anonymous_1)","decl":{"start":{"line":40,"column":13},"end":{"line":40,"column":14}},"loc":{"start":{"line":40,"column":25},"end":{"line":45,"column":7}},"line":40},"2":{"name":"(anonymous_2)","decl":{"start":{"line":46,"column":14},"end":{"line":46,"column":15}},"loc":{"start":{"line":46,"column":23},"end":{"line":48,"column":7}},"line":46}},"branchMap":{},"s":{"0":1,"1":1,"2":1,"3":1,"4":1,"5":1,"6":0,"7":0,"8":0,"9":0,"10":0,"11":0,"12":0,"13":1},"f":{"0":0,"1":0,"2":0},"b":{},"_coverageSchema":"1a1c01bbd47fc00a2c39e90264f33305004495a9","hash":"a508c389475bde83e4009e53e98535fd2dd28dc7"}
,"/home/charles/Documents/UBC/2020W1/CPEN 321/MyBubble/backend/utils/healthStatusConst.js": {"path":"/home/charles/Documents/UBC/2020W1/CPEN 321/MyBubble/backend/utils/healthStatusConst.js","statementMap":{"0":{"start":{"line":1,"column":18},"end":{"line":1,"column":74}},"1":{"start":{"line":2,"column":26},"end":{"line":2,"column":57}},"2":{"start":{"line":3,"column":24},"end":{"line":3,"column":80}},"3":{"start":{"line":6,"column":0},"end":{"line":6,"column":86}}},"fnMap":{},"branchMap":{},"s":{"0":1,"1":1,"2":1,"3":1},"f":{},"b":{},"_coverageSchema":"1a1c01bbd47fc00a2c39e90264f33305004495a9","hash":"d444d073561ad8422e261c513e9523b2331daba5"}
,"/home/charles/Documents/UBC/2020W1/CPEN 321/MyBubble/backend/utils/networkManager.js": {"path":"/home/charles/Documents/UBC/2020W1/CPEN 321/MyBubble/backend/utils/networkManager.js","statementMap":{"0":{"start":{"line":1,"column":10},"end":{"line":1,"column":27}},"1":{"start":{"line":2,"column":17},"end":{"line":2,"column":36}},"2":{"start":{"line":4,"column":18},"end":{"line":4,"column":44}},"3":{"start":{"line":5,"column":16},"end":{"line":5,"column":49}},"4":{"start":{"line":7,"column":17},"end":{"line":7,"column":45}},"5":{"start":{"line":8,"column":0},"end":{"line":8,"column":27}},"6":{"start":{"line":10,"column":0},"end":{"line":44,"column":1}},"7":{"start":{"line":11,"column":4},"end":{"line":43,"column":5}},"8":{"start":{"line":12,"column":31},"end":{"line":12,"column":52}},"9":{"start":{"line":14,"column":32},"end":{"line":14,"column":34}},"10":{"start":{"line":15,"column":27},"end":{"line":15,"column":29}},"11":{"start":{"line":17,"column":8},"end":{"line":17,"column":47}},"12":{"start":{"line":18,"column":8},"end":{"line":18,"column":61}},"13":{"start":{"line":20,"column":8},"end":{"line":25,"column":9}},"14":{"start":{"line":20,"column":20},"end":{"line":20,"column":21}},"15":{"start":{"line":21,"column":21},"end":{"line":21,"column":40}},"16":{"start":{"line":22,"column":27},"end":{"line":22,"column":55}},"17":{"start":{"line":24,"column":12},"end":{"line":24,"column":86}},"18":{"start":{"line":27,"column":8},"end":{"line":27,"column":103}},"19":{"start":{"line":27,"column":67},"end":{"line":27,"column":101}},"20":{"start":{"line":28,"column":8},"end":{"line":28,"column":62}},"21":{"start":{"line":30,"column":31},"end":{"line":30,"column":33}},"22":{"start":{"line":31,"column":8},"end":{"line":36,"column":9}},"23":{"start":{"line":31,"column":20},"end":{"line":31,"column":21}},"24":{"start":{"line":32,"column":21},"end":{"line":32,"column":41}},"25":{"start":{"line":34,"column":27},"end":{"line":34,"column":55}},"26":{"start":{"line":35,"column":12},"end":{"line":35,"column":84}},"27":{"start":{"line":38,"column":8},"end":{"line":38,"column":101}},"28":{"start":{"line":38,"column":65},"end":{"line":38,"column":99}},"29":{"start":{"line":40,"column":8},"end":{"line":40,"column":71}},"30":{"start":{"line":42,"column":8},"end":{"line":42,"column":18}},"31":{"start":{"line":46,"column":0},"end":{"line":69,"column":1}},"32":{"start":{"line":47,"column":4},"end":{"line":68,"column":5}},"33":{"start":{"line":48,"column":31},"end":{"line":48,"column":52}},"34":{"start":{"line":50,"column":32},"end":{"line":50,"column":34}},"35":{"start":{"line":51,"column":27},"end":{"line":51,"column":29}},"36":{"start":{"line":53,"column":8},"end":{"line":53,"column":47}},"37":{"start":{"line":54,"column":8},"end":{"line":54,"column":61}},"38":{"start":{"line":56,"column":8},"end":{"line":61,"column":9}},"39":{"start":{"line":56,"column":20},"end":{"line":56,"column":21}},"40":{"start":{"line":57,"column":21},"end":{"line":57,"column":40}},"41":{"start":{"line":58,"column":27},"end":{"line":58,"column":55}},"42":{"start":{"line":60,"column":12},"end":{"line":60,"column":86}},"43":{"start":{"line":63,"column":8},"end":{"line":63,"column":103}},"44":{"start":{"line":63,"column":67},"end":{"line":63,"column":101}},"45":{"start":{"line":65,"column":8},"end":{"line":65,"column":33}},"46":{"start":{"line":67,"column":8},"end":{"line":67,"column":18}},"47":{"start":{"line":71,"column":0},"end":{"line":89,"column":1}},"48":{"start":{"line":72,"column":4},"end":{"line":88,"column":5}},"49":{"start":{"line":73,"column":20},"end":{"line":73,"column":21}},"50":{"start":{"line":75,"column":8},"end":{"line":84,"column":9}},"51":{"start":{"line":75,"column":20},"end":{"line":75,"column":21}},"52":{"start":{"line":76,"column":21},"end":{"line":76,"column":35}},"53":{"start":{"line":77,"column":27},"end":{"line":77,"column":55}},"54":{"start":{"line":79,"column":12},"end":{"line":83,"column":13}},"55":{"start":{"line":80,"column":16},"end":{"line":80,"column":46}},"56":{"start":{"line":81,"column":16},"end":{"line":81,"column":32}},"57":{"start":{"line":82,"column":16},"end":{"line":82,"column":24}},"58":{"start":{"line":85,"column":8},"end":{"line":85,"column":21}},"59":{"start":{"line":87,"column":8},"end":{"line":87,"column":18}},"60":{"start":{"line":91,"column":0},"end":{"line":110,"column":1}},"61":{"start":{"line":92,"column":4},"end":{"line":109,"column":5}},"62":{"start":{"line":93,"column":30},"end":{"line":93,"column":52}},"63":{"start":{"line":95,"column":8},"end":{"line":105,"column":9}},"64":{"start":{"line":95,"column":20},"end":{"line":95,"column":21}},"65":{"start":{"line":96,"column":21},"end":{"line":96,"column":35}},"66":{"start":{"line":97,"column":27},"end":{"line":97,"column":55}},"67":{"start":{"line":99,"column":12},"end":{"line":104,"column":13}},"68":{"start":{"line":100,"column":16},"end":{"line":100,"column":56}},"69":{"start":{"line":101,"column":16},"end":{"line":103,"column":17}},"70":{"start":{"line":102,"column":20},"end":{"line":102,"column":26}},"71":{"start":{"line":106,"column":8},"end":{"line":106,"column":31}},"72":{"start":{"line":108,"column":8},"end":{"line":108,"column":18}},"73":{"start":{"line":112,"column":0},"end":{"line":112,"column":116}}},"fnMap":{"0":{"name":"(anonymous_0)","decl":{"start":{"line":10,"column":21},"end":{"line":10,"column":22}},"loc":{"start":{"line":10,"column":37},"end":{"line":44,"column":1}},"line":10},"1":{"name":"(anonymous_1)","decl":{"start":{"line":27,"column":53},"end":{"line":27,"column":54}},"loc":{"start":{"line":27,"column":67},"end":{"line":27,"column":101}},"line":27},"2":{"name":"(anonymous_2)","decl":{"start":{"line":38,"column":51},"end":{"line":38,"column":52}},"loc":{"start":{"line":38,"column":65},"end":{"line":38,"column":99}},"line":38},"3":{"name":"(anonymous_3)","decl":{"start":{"line":46,"column":24},"end":{"line":46,"column":25}},"loc":{"start":{"line":46,"column":40},"end":{"line":69,"column":1}},"line":46},"4":{"name":"(anonymous_4)","decl":{"start":{"line":63,"column":53},"end":{"line":63,"column":54}},"loc":{"start":{"line":63,"column":67},"end":{"line":63,"column":101}},"line":63},"5":{"name":"(anonymous_5)","decl":{"start":{"line":71,"column":23},"end":{"line":71,"column":24}},"loc":{"start":{"line":71,"column":52},"end":{"line":89,"column":1}},"line":71},"6":{"name":"(anonymous_6)","decl":{"start":{"line":91,"column":34},"end":{"line":91,"column":35}},"loc":{"start":{"line":91,"column":57},"end":{"line":110,"column":1}},"line":91}},"branchMap":{"0":{"loc":{"start":{"line":79,"column":12},"end":{"line":83,"column":13}},"type":"if","locations":[{"start":{"line":79,"column":12},"end":{"line":83,"column":13}},{"start":{"line":79,"column":12},"end":{"line":83,"column":13}}],"line":79},"1":{"loc":{"start":{"line":99,"column":12},"end":{"line":104,"column":13}},"type":"if","locations":[{"start":{"line":99,"column":12},"end":{"line":104,"column":13}},{"start":{"line":99,"column":12},"end":{"line":104,"column":13}}],"line":99},"2":{"loc":{"start":{"line":101,"column":16},"end":{"line":103,"column":17}},"type":"if","locations":[{"start":{"line":101,"column":16},"end":{"line":103,"column":17}},{"start":{"line":101,"column":16},"end":{"line":103,"column":17}}],"line":101}},"s":{"0":1,"1":1,"2":1,"3":1,"4":1,"5":1,"6":1,"7":2,"8":2,"9":2,"10":2,"11":2,"12":2,"13":2,"14":2,"15":3,"16":3,"17":3,"18":2,"19":4,"20":2,"21":2,"22":2,"23":2,"24":2,"25":2,"26":2,"27":2,"28":4,"29":2,"30":0,"31":1,"32":1,"33":1,"34":1,"35":1,"36":1,"37":1,"38":1,"39":1,"40":2,"41":2,"42":2,"43":1,"44":3,"45":1,"46":0,"47":1,"48":5,"49":5,"50":5,"51":5,"52":7,"53":7,"54":7,"55":5,"56":5,"57":5,"58":5,"59":0,"60":1,"61":1,"62":1,"63":1,"64":1,"65":1,"66":1,"67":1,"68":1,"69":1,"70":0,"71":1,"72":0,"73":1},"f":{"0":2,"1":4,"2":4,"3":1,"4":3,"5":5,"6":1},"b":{"0":[5,2],"1":[1,0],"2":[0,1]},"_coverageSchema":"1a1c01bbd47fc00a2c39e90264f33305004495a9","hash":"3188c01d531c5f4e466e9ea2be070a369bd63284"}
}
