TN:
SF:app.js
FNF:0
FNH:0
DA:1,1
DA:2,1
DA:3,1
DA:4,1
DA:6,1
DA:8,1
DA:9,1
DA:11,1
DA:12,1
DA:13,1
DA:15,1
LF:11
LH:11
BRF:0
BRH:0
end_of_record
TN:
SF:const.js
FNF:0
FNH:0
DA:1,1
DA:3,1
LF:2
LH:2
BRF:0
BRH:0
end_of_record
TN:
SF:healthStatus.js
FN:13,(anonymous_0)
FN:69,(anonymous_1)
FNF:2
FNH:2
FNDA:2,(anonymous_0)
FNDA:3,(anonymous_1)
DA:1,1
DA:2,1
DA:4,1
DA:5,1
DA:7,1
DA:8,1
DA:9,1
DA:10,1
DA:11,1
DA:13,1
DA:14,2
DA:15,0
DA:16,0
DA:17,0
DA:18,0
DA:21,2
DA:23,0
DA:24,0
DA:25,0
DA:26,0
DA:29,2
DA:31,2
DA:32,2
DA:34,2
DA:35,0
DA:36,0
DA:39,2
DA:40,0
DA:41,2
DA:42,1
DA:45,2
DA:46,2
DA:47,2
DA:49,2
DA:50,1
DA:51,1
DA:54,1
DA:55,1
DA:56,1
DA:57,1
DA:59,1
DA:62,0
DA:63,0
DA:64,0
DA:69,1
DA:70,3
DA:71,0
DA:72,0
DA:73,0
DA:74,0
DA:76,3
DA:77,3
DA:79,3
DA:80,0
DA:81,0
DA:84,3
DA:85,3
DA:87,3
DA:89,3
DA:91,3
DA:93,3
DA:95,0
DA:96,0
DA:97,0
DA:101,1
LF:65
LH:42
BRDA:14,0,0,0
BRDA:14,0,1,2
BRDA:14,1,0,2
BRDA:14,1,1,2
BRDA:21,2,0,0
BRDA:21,2,1,2
BRDA:21,3,0,2
BRDA:21,3,1,1
BRDA:29,4,0,1
BRDA:29,4,1,1
BRDA:34,5,0,0
BRDA:34,5,1,2
BRDA:39,6,0,0
BRDA:39,6,1,2
BRDA:39,7,0,2
BRDA:39,7,1,1
BRDA:41,8,0,1
BRDA:41,8,1,1
BRDA:41,9,0,2
BRDA:41,9,1,1
BRDA:49,10,0,1
BRDA:49,10,1,1
BRDA:70,11,0,0
BRDA:70,11,1,3
BRDA:79,12,0,0
BRDA:79,12,1,3
BRF:26
BRH:20
end_of_record
TN:
SF:keys.js
FNF:0
FNH:0
DA:1,1
DA:3,1
LF:2
LH:2
BRF:0
BRH:0
end_of_record
TN:
SF:user.js
FN:20,(anonymous_0)
FN:33,(anonymous_1)
FN:46,(anonymous_2)
FN:73,(anonymous_3)
FN:74,(anonymous_4)
FN:112,(anonymous_5)
FN:140,(anonymous_6)
FN:197,(anonymous_7)
FN:218,(anonymous_8)
FNF:9
FNH:7
FNDA:2,(anonymous_0)
FNDA:4,(anonymous_1)
FNDA:2,(anonymous_2)
FNDA:0,(anonymous_3)
FNDA:0,(anonymous_4)
FNDA:1,(anonymous_5)
FNDA:5,(anonymous_6)
FNDA:1,(anonymous_7)
FNDA:4,(anonymous_8)
DA:1,1
DA:2,1
DA:4,1
DA:5,1
DA:7,1
DA:9,1
DA:10,1
DA:12,1
DA:20,1
DA:21,2
DA:22,2
DA:23,2
DA:24,2
DA:25,1
DA:27,1
DA:28,1
DA:29,1
DA:33,1
DA:34,4
DA:35,4
DA:36,4
DA:39,0
DA:40,0
DA:41,0
DA:46,1
DA:47,2
DA:48,0
DA:49,0
DA:50,0
DA:51,0
DA:56,2
DA:57,2
DA:58,2
DA:60,2
DA:61,0
DA:62,0
DA:65,2
DA:66,1
DA:67,1
DA:70,1
DA:71,1
DA:73,1
DA:74,1
DA:76,1
DA:77,1
DA:78,1
DA:80,1
DA:81,1
DA:82,1
DA:85,1
DA:86,1
DA:89,1
DA:90,1
DA:91,1
DA:94,1
DA:95,1
DA:99,1
DA:100,1
DA:102,1
DA:103,1
DA:106,1
DA:107,1
DA:108,1
DA:112,1
DA:113,1
DA:114,0
DA:115,0
DA:116,0
DA:117,0
DA:120,1
DA:122,1
DA:123,1
DA:125,1
DA:126,0
DA:127,0
DA:130,1
DA:131,1
DA:134,0
DA:135,0
DA:136,0
DA:140,1
DA:141,5
DA:143,0
DA:144,0
DA:145,0
DA:146,0
DA:149,5
DA:150,5
DA:151,5
DA:152,5
DA:153,5
DA:154,1
DA:155,1
DA:158,4
DA:159,4
DA:161,4
DA:162,0
DA:163,0
DA:166,4
DA:167,0
DA:168,0
DA:171,4
DA:172,8
DA:173,8
DA:174,1
DA:175,1
DA:179,3
DA:180,3
DA:182,3
DA:183,3
DA:185,3
DA:186,3
DA:188,3
DA:189,3
DA:191,2
DA:192,2
DA:193,2
DA:197,1
DA:198,1
DA:199,0
DA:200,0
DA:201,0
DA:202,0
DA:205,1
DA:207,1
DA:208,1
DA:210,1
DA:211,0
DA:212,0
DA:215,1
DA:217,1
DA:218,1
DA:219,4
DA:220,4
DA:222,4
DA:225,1
DA:227,1
DA:228,3
DA:230,3
DA:239,1
DA:242,0
DA:243,0
DA:244,0
DA:248,1
LF:144
LH:109
BRDA:47,0,0,0
BRDA:47,0,1,2
BRDA:47,1,0,2
BRDA:47,1,1,2
BRDA:47,1,2,2
BRDA:60,2,0,0
BRDA:60,2,1,2
BRDA:60,3,0,2
BRDA:60,3,1,2
BRDA:65,4,0,1
BRDA:65,4,1,1
BRDA:76,5,0,1
BRDA:76,5,1,0
BRDA:77,6,0,0
BRDA:77,6,1,1
BRDA:78,7,0,1
BRDA:78,7,1,0
BRDA:81,8,0,1
BRDA:81,8,1,0
BRDA:85,9,0,1
BRDA:85,9,1,0
BRDA:89,10,0,1
BRDA:89,10,1,0
BRDA:94,11,0,1
BRDA:94,11,1,0
BRDA:113,12,0,0
BRDA:113,12,1,1
BRDA:125,13,0,0
BRDA:125,13,1,1
BRDA:141,14,0,0
BRDA:141,14,1,5
BRDA:141,15,0,5
BRDA:141,15,1,5
BRDA:141,15,2,5
BRDA:141,15,3,5
BRDA:153,16,0,1
BRDA:153,16,1,4
BRDA:153,17,0,5
BRDA:153,17,1,5
BRDA:161,18,0,0
BRDA:161,18,1,4
BRDA:161,19,0,4
BRDA:161,19,1,4
BRDA:166,20,0,0
BRDA:166,20,1,4
BRDA:173,21,0,1
BRDA:173,21,1,7
BRDA:173,22,0,8
BRDA:173,22,1,5
BRDA:198,23,0,0
BRDA:198,23,1,1
BRDA:210,24,0,0
BRDA:210,24,1,1
BRF:53
BRH:37
end_of_record
TN:
SF:userSchema.js
FNF:0
FNH:0
DA:1,1
DA:2,1
DA:4,1
DA:30,1
LF:4
LH:4
BRF:0
BRH:0
end_of_record
TN:
SF:integrationTests/integrationHelpers.js
FNF:0
FNH:0
DA:1,1
DA:14,1
DA:27,1
DA:48,1
LF:4
LH:4
BRF:0
BRH:0
end_of_record
TN:
SF:notifications/firebase-config.js
FNF:0
FNH:0
DA:1,1
DA:3,1
DA:6,1
DA:11,1
LF:4
LH:4
BRF:0
BRH:0
end_of_record
TN:
SF:notifications/server.js
FN:11,(anonymous_0)
FN:40,(anonymous_1)
FN:46,(anonymous_2)
FNF:3
FNH:0
FNDA:0,(anonymous_0)
FNDA:0,(anonymous_1)
FNDA:0,(anonymous_2)
DA:1,1
DA:2,1
DA:3,1
DA:4,1
DA:6,1
DA:11,1
DA:12,0
DA:14,0
DA:37,0
DA:39,0
DA:42,0
DA:43,0
DA:47,0
DA:52,1
LF:14
LH:7
BRF:0
BRH:0
end_of_record
TN:
SF:utils/healthStatusConst.js
FNF:0
FNH:0
DA:1,1
DA:2,1
DA:3,1
DA:6,1
LF:4
LH:4
BRF:0
BRH:0
end_of_record
TN:
SF:utils/networkManager.js
FN:10,(anonymous_0)
FN:27,(anonymous_1)
FN:38,(anonymous_2)
FN:46,(anonymous_3)
FN:63,(anonymous_4)
FN:71,(anonymous_5)
FN:91,(anonymous_6)
FNF:7
FNH:7
FNDA:2,(anonymous_0)
FNDA:4,(anonymous_1)
FNDA:4,(anonymous_2)
FNDA:1,(anonymous_3)
FNDA:3,(anonymous_4)
FNDA:5,(anonymous_5)
FNDA:1,(anonymous_6)
DA:1,1
DA:2,1
DA:4,1
DA:5,1
DA:7,1
DA:8,1
DA:10,1
DA:11,2
DA:12,2
DA:14,2
DA:15,2
DA:17,2
DA:18,2
DA:20,2
DA:21,3
DA:22,3
DA:24,3
DA:27,4
DA:28,2
DA:30,2
DA:31,2
DA:32,2
DA:34,2
DA:35,2
DA:38,4
DA:40,2
DA:42,0
DA:46,1
DA:47,1
DA:48,1
DA:50,1
DA:51,1
DA:53,1
DA:54,1
DA:56,1
DA:57,2
DA:58,2
DA:60,2
DA:63,3
DA:65,1
DA:67,0
DA:71,1
DA:72,5
DA:73,5
DA:75,5
DA:76,7
DA:77,7
DA:79,7
DA:80,5
DA:81,5
DA:82,5
DA:85,5
DA:87,0
DA:91,1
DA:92,1
DA:93,1
DA:95,1
DA:96,1
DA:97,1
DA:99,1
DA:100,1
DA:101,1
DA:102,0
DA:106,1
DA:108,0
DA:112,1
LF:66
LH:61
BRDA:79,0,0,5
BRDA:79,0,1,2
BRDA:99,1,0,1
BRDA:99,1,1,0
BRDA:101,2,0,0
BRDA:101,2,1,1
BRF:6
BRH:4
end_of_record
