<?xml version="1.0" encoding="UTF-8"?>
<coverage generated="1605411976255" clover="3.2.0">
  <project timestamp="1605411976255" name="All files">
    <metrics statements="4" coveredstatements="4" conditionals="0" coveredconditionals="0" methods="0" coveredmethods="0" elements="4" coveredelements="4" complexity="0" loc="4" ncloc="4" packages="1" files="1" classes="1"/>
    <file name="userModuleMockValues.js" path="/home/charles/Documents/UBC/2020W1/CPEN 321/MyBubble/backend/unitTests/userModuleNoMockDB/userModuleMockValues.js">
      <metrics statements="4" coveredstatements="4" conditionals="0" coveredconditionals="0" methods="0" coveredmethods="0"/>
      <line num="1" count="1" type="stmt"/>
      <line num="14" count="1" type="stmt"/>
      <line num="27" count="1" type="stmt"/>
      <line num="48" count="1" type="stmt"/>
    </file>
  </project>
</coverage>
