{"/home/charles/Documents/UBC/2020W1/CPEN 321/MyBubble/backend/unitTests/userModuleNoMockDB/userModuleMockValues.js": {"path":"/home/charles/Documents/UBC/2020W1/CPEN 321/MyBubble/backend/unitTests/userModuleNoMockDB/userModuleMockValues.js","statementMap":{"0":{"start":{"line":1,"column":16},"end":{"line":12,"column":1}},"1":{"start":{"line":14,"column":24},"end":{"line":25,"column":1}},"2":{"start":{"line":27,"column":23},"end":{"line":46,"column":1}},"3":{"start":{"line":48,"column":0},"end":{"line":48,"column":65}}},"fnMap":{},"branchMap":{},"s":{"0":1,"1":1,"2":1,"3":1},"f":{},"b":{},"_coverageSchema":"1a1c01bbd47fc00a2c39e90264f33305004495a9","hash":"e2a60691fe9072e0714ecf7990059da5e1bce259"}
}
